2026-04-01 22:34:41.759209: I tensorflow/core/util/port.cc:153] oneDNN custom operations are on. You may see slightly different numerical results due to floating-point round-off errors from different computation orders. To turn them off, set the environment variable `TF_ENABLE_ONEDNN_OPTS=0`.
2026-04-01 22:34:42.709127: I tensorflow/core/util/port.cc:153] oneDNN custom operations are on. You may see slightly different numerical results due to floating-point round-off errors from different computation orders. To turn them off, set the environment variable `TF_ENABLE_ONEDNN_OPTS=0`.
2026-04-01 22:34:44.659281: I tensorflow/core/platform/cpu_feature_guard.cc:210] This TensorFlow binary is optimized to use available CPU instructions in performance-critical operations.
To enable the following instructions: SSE3 SSE4.1 SSE4.2 AVX AVX2 FMA, in other operations, rebuild TensorFlow with the appropriate compiler flags.
INFO:     Started server process [10852]
INFO:     Waiting for application startup.
INFO:     Application startup complete.
INFO:     Uvicorn running on http://127.0.0.1:8005 (Press CTRL+C to quit)
C:\Users\kodip\Documents\mini project\digitaltwin\human-digital-twin\backend\.venv\Lib\site-packages\sklearn\utils\validation.py:2739: UserWarning: X does not have valid feature names, but LGBMClassifier was fitted with feature names
  warnings.warn(
C:\Users\kodip\Documents\mini project\digitaltwin\human-digital-twin\backend\.venv\Lib\site-packages\joblib\externals\loky\backend\context.py:136: UserWarning: Could not find the number of physical cores for the following reason:
[WinError 2] The system cannot find the file specified
Returning the number of logical cores instead. You can silence this warning by setting LOKY_MAX_CPU_COUNT to the number of cores you want to use.
  warnings.warn(
  File "C:\Users\kodip\Documents\mini project\digitaltwin\human-digital-twin\backend\.venv\Lib\site-packages\joblib\externals\loky\backend\context.py", line 257, in _count_physical_cores
    cpu_info = subprocess.run(
               ^^^^^^^^^^^^^^^
  File "C:\Users\kodip\AppData\Local\Programs\Python\Python312\Lib\subprocess.py", line 548, in run
    with Popen(*popenargs, **kwargs) as process:
         ^^^^^^^^^^^^^^^^^^^^^^^^^^^
  File "C:\Users\kodip\AppData\Local\Programs\Python\Python312\Lib\subprocess.py", line 1026, in __init__
    self._execute_child(args, executable, preexec_fn, close_fds,
  File "C:\Users\kodip\AppData\Local\Programs\Python\Python312\Lib\subprocess.py", line 1538, in _execute_child
    hp, ht, pid, tid = _winapi.CreateProcess(executable, args,
                       ^^^^^^^^^^^^^^^^^^^^^^^^^^^^^^^^^^^^^^^
C:\Users\kodip\Documents\mini project\digitaltwin\human-digital-twin\backend\.venv\Lib\site-packages\sklearn\utils\validation.py:2739: UserWarning: X does not have valid feature names, but KMeans was fitted with feature names
  warnings.warn(
ERROR:    Exception in ASGI application
Traceback (most recent call last):
  File "C:\Users\kodip\Documents\mini project\digitaltwin\human-digital-twin\backend\.venv\Lib\site-packages\uvicorn\protocols\http\h11_impl.py", line 403, in run_asgi
    result = await app(  # type: ignore[func-returns-value]
             ^^^^^^^^^^^^^^^^^^^^^^^^^^^^^^^^^^^^^^^^^^^^^^
  File "C:\Users\kodip\Documents\mini project\digitaltwin\human-digital-twin\backend\.venv\Lib\site-packages\uvicorn\middleware\proxy_headers.py", line 60, in __call__
    return await self.app(scope, receive, send)
           ^^^^^^^^^^^^^^^^^^^^^^^^^^^^^^^^^^^^
  File "C:\Users\kodip\Documents\mini project\digitaltwin\human-digital-twin\backend\.venv\Lib\site-packages\fastapi\applications.py", line 1054, in __call__
    await super().__call__(scope, receive, send)
  File "C:\Users\kodip\Documents\mini project\digitaltwin\human-digital-twin\backend\.venv\Lib\site-packages\starlette\applications.py", line 112, in __call__
    await self.middleware_stack(scope, receive, send)
  File "C:\Users\kodip\Documents\mini project\digitaltwin\human-digital-twin\backend\.venv\Lib\site-packages\starlette\middleware\errors.py", line 187, in __call__
    raise exc
  File "C:\Users\kodip\Documents\mini project\digitaltwin\human-digital-twin\backend\.venv\Lib\site-packages\starlette\middleware\errors.py", line 165, in __call__
    await self.app(scope, receive, _send)
  File "C:\Users\kodip\Documents\mini project\digitaltwin\human-digital-twin\backend\.venv\Lib\site-packages\starlette\middleware\cors.py", line 85, in __call__
    await self.app(scope, receive, send)
  File "C:\Users\kodip\Documents\mini project\digitaltwin\human-digital-twin\backend\.venv\Lib\site-packages\starlette\middleware\exceptions.py", line 62, in __call__
    await wrap_app_handling_exceptions(self.app, conn)(scope, receive, send)
  File "C:\Users\kodip\Documents\mini project\digitaltwin\human-digital-twin\backend\.venv\Lib\site-packages\starlette\_exception_handler.py", line 53, in wrapped_app
    raise exc
  File "C:\Users\kodip\Documents\mini project\digitaltwin\human-digital-twin\backend\.venv\Lib\site-packages\starlette\_exception_handler.py", line 42, in wrapped_app
    await app(scope, receive, sender)
  File "C:\Users\kodip\Documents\mini project\digitaltwin\human-digital-twin\backend\.venv\Lib\site-packages\starlette\routing.py", line 714, in __call__
    await self.middleware_stack(scope, receive, send)
  File "C:\Users\kodip\Documents\mini project\digitaltwin\human-digital-twin\backend\.venv\Lib\site-packages\starlette\routing.py", line 734, in app
    await route.handle(scope, receive, send)
  File "C:\Users\kodip\Documents\mini project\digitaltwin\human-digital-twin\backend\.venv\Lib\site-packages\starlette\routing.py", line 288, in handle
    await self.app(scope, receive, send)
  File "C:\Users\kodip\Documents\mini project\digitaltwin\human-digital-twin\backend\.venv\Lib\site-packages\starlette\routing.py", line 76, in app
    await wrap_app_handling_exceptions(app, request)(scope, receive, send)
  File "C:\Users\kodip\Documents\mini project\digitaltwin\human-digital-twin\backend\.venv\Lib\site-packages\starlette\_exception_handler.py", line 53, in wrapped_app
    raise exc
  File "C:\Users\kodip\Documents\mini project\digitaltwin\human-digital-twin\backend\.venv\Lib\site-packages\starlette\_exception_handler.py", line 42, in wrapped_app
    await app(scope, receive, sender)
  File "C:\Users\kodip\Documents\mini project\digitaltwin\human-digital-twin\backend\.venv\Lib\site-packages\starlette\routing.py", line 73, in app
    response = await f(request)
               ^^^^^^^^^^^^^^^^
  File "C:\Users\kodip\Documents\mini project\digitaltwin\human-digital-twin\backend\.venv\Lib\site-packages\fastapi\routing.py", line 301, in app
    raw_response = await run_endpoint_function(
                   ^^^^^^^^^^^^^^^^^^^^^^^^^^^^
  File "C:\Users\kodip\Documents\mini project\digitaltwin\human-digital-twin\backend\.venv\Lib\site-packages\fastapi\routing.py", line 214, in run_endpoint_function
    return await run_in_threadpool(dependant.call, **values)
           ^^^^^^^^^^^^^^^^^^^^^^^^^^^^^^^^^^^^^^^^^^^^^^^^^
  File "C:\Users\kodip\Documents\mini project\digitaltwin\human-digital-twin\backend\.venv\Lib\site-packages\starlette\concurrency.py", line 37, in run_in_threadpool
    return await anyio.to_thread.run_sync(func)
           ^^^^^^^^^^^^^^^^^^^^^^^^^^^^^^^^^^^^
  File "C:\Users\kodip\Documents\mini project\digitaltwin\human-digital-twin\backend\.venv\Lib\site-packages\anyio\to_thread.py", line 63, in run_sync
    return await get_async_backend().run_sync_in_worker_thread(
           ^^^^^^^^^^^^^^^^^^^^^^^^^^^^^^^^^^^^^^^^^^^^^^^^^^^^
  File "C:\Users\kodip\Documents\mini project\digitaltwin\human-digital-twin\backend\.venv\Lib\site-packages\anyio\_backends\_asyncio.py", line 2502, in run_sync_in_worker_thread
    return await future
           ^^^^^^^^^^^^
  File "C:\Users\kodip\Documents\mini project\digitaltwin\human-digital-twin\backend\.venv\Lib\site-packages\anyio\_backends\_asyncio.py", line 986, in run
    result = context.run(func, *args)
             ^^^^^^^^^^^^^^^^^^^^^^^^
  File "C:\Users\kodip\Documents\mini project\digitaltwin\human-digital-twin\backend\app\routers\dashboard.py", line 30, in overview
    payload = dashboard_overview(db, user_id=current_user.id, forecast_points=forecast_points)
              ^^^^^^^^^^^^^^^^^^^^^^^^^^^^^^^^^^^^^^^^^^^^^^^^^^^^^^^^^^^^^^^^^^^^^^^^^^^^^^^^
  File "C:\Users\kodip\Documents\mini project\digitaltwin\human-digital-twin\backend\app\services\analytics.py", line 130, in dashboard_overview
    "weekly_trend": _trend_points(frame, freq="W-MON"),
                    ^^^^^^^^^^^^^^^^^^^^^^^^^^^^^^^^^^
  File "C:\Users\kodip\Documents\mini project\digitaltwin\human-digital-twin\backend\app\services\analytics.py", line 46, in _trend_points
    .resample(freq)["wellness_score"]
     ^^^^^^^^^^^^^^
  File "C:\Users\kodip\Documents\mini project\digitaltwin\human-digital-twin\backend\.venv\Lib\site-packages\pandas\core\generic.py", line 9771, in resample
    return get_resampler(
           ^^^^^^^^^^^^^^
  File "C:\Users\kodip\Documents\mini project\digitaltwin\human-digital-twin\backend\.venv\Lib\site-packages\pandas\core\resample.py", line 2050, in get_resampler
    return tg._get_resampler(obj, kind=kind)
           ^^^^^^^^^^^^^^^^^^^^^^^^^^^^^^^^^
  File "C:\Users\kodip\Documents\mini project\digitaltwin\human-digital-twin\backend\.venv\Lib\site-packages\pandas\core\resample.py", line 2272, in _get_resampler
    raise TypeError(
TypeError: Only valid with DatetimeIndex, TimedeltaIndex or PeriodIndex, but got an instance of 'Index'
